2025-02-08T04:15:50.138Z  INFO 1 --- [etams] [main] com.brubaker.etams.EtamsApplication      : Starting EtamsApplication v0.0.1-SNAPSHOT using Java 21.0.6 with PID 1 (/app/app.jar started by root in /app)
2025-02-08T04:15:50.148Z  INFO 1 --- [etams] [main] com.brubaker.etams.EtamsApplication      : The following 1 profile is active: "production"
2025-02-08T04:15:54.632Z  INFO 1 --- [etams] [main] o.apache.catalina.core.StandardService   : Starting service [Tomcat]
2025-02-08T04:15:54.633Z  INFO 1 --- [etams] [main] o.apache.catalina.core.StandardEngine    : Starting Servlet engine: [Apache Tomcat/10.1.34]
2025-02-08T04:15:54.668Z  INFO 1 --- [etams] [main] o.a.c.c.C.[Tomcat].[localhost].[/]       : Initializing Spring embedded WebApplicationContext
2025-02-08T04:15:54.955Z  INFO 1 --- [etams] [main] o.hibernate.jpa.internal.util.LogHelper  : HHH000204: Processing PersistenceUnitInfo [name: default]
2025-02-08T04:15:55.005Z  INFO 1 --- [etams] [main] org.hibernate.Version                    : HHH000412: Hibernate ORM core version 6.6.4.Final
2025-02-08T04:15:55.026Z  INFO 1 --- [etams] [main] o.h.c.internal.RegionFactoryInitiator    : HHH000026: Second-level cache disabled
2025-02-08T04:15:55.226Z  INFO 1 --- [etams] [main] com.zaxxer.hikari.HikariDataSource       : HikariPool-1 - Starting...
2025-02-08T04:15:55.438Z  INFO 1 --- [etams] [main] com.zaxxer.hikari.pool.HikariPool        : HikariPool-1 - Added connection com.mysql.cj.jdbc.ConnectionImpl@5bccaedb
2025-02-08T04:15:55.439Z  INFO 1 --- [etams] [main] com.zaxxer.hikari.HikariDataSource       : HikariPool-1 - Start completed.
2025-02-08T04:15:55.676Z  WARN 1 --- [etams] [main] o.h.e.j.e.i.JdbcEnvironmentInitiator     : HHH000339: Could not obtain connection metadata: java.sql.SQLSyntaxErrorException: Unknown column 'RESERVED' in 'WHERE'
2025-02-08T04:15:55.686Z  WARN 1 --- [etams] [main] org.hibernate.orm.deprecation            : HHH90000025: MariaDBDialect does not need to be specified explicitly using 'hibernate.dialect' (remove the property setting and it will be selected by default)
2025-02-08T04:15:55.693Z  INFO 1 --- [etams] [main] org.hibernate.orm.connections.pooling    : HHH10001005: Database info:
	Database JDBC URL [Connecting through datasource 'HikariDataSource (HikariPool-1)']
	Database driver: undefined/unknown
	Database version: 10.4
	Autocommit mode: undefined/unknown
	Isolation level: undefined/unknown
	Minimum pool size: undefined/unknown
	Maximum pool size: undefined/unknown
2025-02-08T04:15:56.654Z  INFO 1 --- [etams] [main] o.h.e.t.j.p.i.JtaPlatformInitiator       : HHH000489: No JTA platform available (set 'hibernate.transaction.jta.platform' to enable JTA platform integration)
2025-02-08T04:15:57.608Z  WARN 1 --- [etams] [main] JpaBaseConfiguration$JpaWebConfiguration : spring.jpa.open-in-view is enabled by default. Therefore, database queries may be performed during view rendering. Explicitly configure spring.jpa.open-in-view to disable this warning
2025-02-08T04:15:58.501Z  INFO 1 --- [etams] [main] com.brubaker.etams.EtamsApplication      : Started EtamsApplication in 8.909 seconds (process running for 9.436)
2025-02-08T04:16:01.333Z  INFO 1 --- [etams] [http-nio-0.0.0.0-8080-exec-1] o.a.c.c.C.[Tomcat].[localhost].[/]       : Initializing Spring DispatcherServlet 'dispatcherServlet'
2025-02-08T04:18:48.258Z  INFO 1 --- [etams] [SpringApplicationShutdownHook] com.zaxxer.hikari.HikariDataSource       : HikariPool-1 - Shutdown initiated...
2025-02-08T04:18:48.288Z  INFO 1 --- [etams] [SpringApplicationShutdownHook] com.zaxxer.hikari.HikariDataSource       : HikariPool-1 - Shutdown completed.
