2025-02-19T21:15:48.590Z  INFO 7 --- [etams] [main] com.brubaker.etams.EtamsApplication      : Starting EtamsApplication v0.0.1-SNAPSHOT using Java 21.0.6 with PID 7 (/app/app.jar started by root in /app)
2025-02-19T21:15:48.592Z  INFO 7 --- [etams] [main] com.brubaker.etams.EtamsApplication      : No active profile set, falling back to 1 default profile: "default"
2025-02-19T21:15:49.447Z  INFO 7 --- [etams] [main] .s.d.r.c.RepositoryConfigurationDelegate : Bootstrapping Spring Data JPA repositories in DEFAULT mode.
2025-02-19T21:15:49.488Z  INFO 7 --- [etams] [main] .s.d.r.c.RepositoryConfigurationDelegate : Finished Spring Data repository scanning in 34 ms. Found 2 JPA repository interfaces.
2025-02-19T21:15:49.992Z  INFO 7 --- [etams] [main] o.s.b.w.embedded.tomcat.TomcatWebServer  : Tomcat initialized with port 8080 (http)
2025-02-19T21:15:50.003Z  INFO 7 --- [etams] [main] o.apache.catalina.core.StandardService   : Starting service [Tomcat]
2025-02-19T21:15:50.003Z  INFO 7 --- [etams] [main] o.apache.catalina.core.StandardEngine    : Starting Servlet engine: [Apache Tomcat/10.1.34]
2025-02-19T21:15:50.022Z  INFO 7 --- [etams] [main] o.a.c.c.C.[Tomcat].[localhost].[/]       : Initializing Spring embedded WebApplicationContext
2025-02-19T21:15:50.022Z  INFO 7 --- [etams] [main] w.s.c.ServletWebServerApplicationContext : Root WebApplicationContext: initialization completed in 1387 ms
2025-02-19T21:15:50.242Z  INFO 7 --- [etams] [main] o.hibernate.jpa.internal.util.LogHelper  : HHH000204: Processing PersistenceUnitInfo [name: default]
2025-02-19T21:15:50.282Z  INFO 7 --- [etams] [main] org.hibernate.Version                    : HHH000412: Hibernate ORM core version 6.6.4.Final
2025-02-19T21:15:50.313Z  INFO 7 --- [etams] [main] o.h.c.internal.RegionFactoryInitiator    : HHH000026: Second-level cache disabled
2025-02-19T21:15:50.483Z  INFO 7 --- [etams] [main] o.s.o.j.p.SpringPersistenceUnitInfo      : No LoadTimeWeaver setup: ignoring JPA class transformer
2025-02-19T21:15:50.504Z  INFO 7 --- [etams] [main] com.zaxxer.hikari.HikariDataSource       : HikariPool-1 - Starting...
2025-02-19T21:15:50.621Z  INFO 7 --- [etams] [main] com.zaxxer.hikari.pool.HikariPool        : HikariPool-1 - Added connection com.mysql.cj.jdbc.ConnectionImpl@43199621
2025-02-19T21:15:50.623Z  INFO 7 --- [etams] [main] com.zaxxer.hikari.HikariDataSource       : HikariPool-1 - Start completed.
2025-02-19T21:15:50.686Z  WARN 7 --- [etams] [main] o.h.e.j.e.i.JdbcEnvironmentInitiator     : HHH000339: Could not obtain connection metadata: java.sql.SQLSyntaxErrorException: Unknown column 'RESERVED' in 'WHERE'
2025-02-19T21:15:50.706Z  WARN 7 --- [etams] [main] org.hibernate.orm.deprecation            : HHH90000025: MySQL8Dialect does not need to be specified explicitly using 'hibernate.dialect' (remove the property setting and it will be selected by default)
2025-02-19T21:15:50.707Z  WARN 7 --- [etams] [main] org.hibernate.orm.deprecation            : HHH90000026: MySQL8Dialect has been deprecated; use org.hibernate.dialect.MySQLDialect instead
2025-02-19T21:15:50.738Z  INFO 7 --- [etams] [main] org.hibernate.orm.connections.pooling    : HHH10001005: Database info:
	Database JDBC URL [Connecting through datasource 'HikariDataSource (HikariPool-1)']
	Database driver: undefined/unknown
	Database version: 8.0
	Autocommit mode: undefined/unknown
	Isolation level: undefined/unknown
	Minimum pool size: undefined/unknown
	Maximum pool size: undefined/unknown
2025-02-19T21:15:51.354Z  INFO 7 --- [etams] [main] o.h.e.t.j.p.i.JtaPlatformInitiator       : HHH000489: No JTA platform available (set 'hibernate.transaction.jta.platform' to enable JTA platform integration)
2025-02-19T21:15:51.423Z  INFO 7 --- [etams] [main] j.LocalContainerEntityManagerFactoryBean : Initialized JPA EntityManagerFactory for persistence unit 'default'
2025-02-19T21:15:51.703Z  INFO 7 --- [etams] [main] r$InitializeUserDetailsManagerConfigurer : Global AuthenticationManager configured with UserDetailsService bean with name customUserDetailsService
2025-02-19T21:15:51.839Z  WARN 7 --- [etams] [main] JpaBaseConfiguration$JpaWebConfiguration : spring.jpa.open-in-view is enabled by default. Therefore, database queries may be performed during view rendering. Explicitly configure spring.jpa.open-in-view to disable this warning
2025-02-19T21:15:52.203Z  INFO 7 --- [etams] [main] o.s.b.a.e.web.EndpointLinksResolver      : Exposing 1 endpoint beneath base path '/actuator'
2025-02-19T21:15:52.624Z  INFO 7 --- [etams] [main] o.s.b.w.embedded.tomcat.TomcatWebServer  : Tomcat started on port 8080 (http) with context path '/'
2025-02-19T21:15:52.638Z  INFO 7 --- [etams] [main] com.brubaker.etams.EtamsApplication      : Started EtamsApplication in 4.493 seconds (process running for 4.911)
2025-02-19T21:17:33.644Z  INFO 7 --- [etams] [main] com.brubaker.etams.EtamsApplication      : Starting EtamsApplication v0.0.1-SNAPSHOT using Java 21.0.6 with PID 7 (/app/app.jar started by root in /app)
2025-02-19T21:17:33.647Z  INFO 7 --- [etams] [main] com.brubaker.etams.EtamsApplication      : No active profile set, falling back to 1 default profile: "default"
2025-02-19T21:17:34.456Z  INFO 7 --- [etams] [main] .s.d.r.c.RepositoryConfigurationDelegate : Bootstrapping Spring Data JPA repositories in DEFAULT mode.
2025-02-19T21:17:34.496Z  INFO 7 --- [etams] [main] .s.d.r.c.RepositoryConfigurationDelegate : Finished Spring Data repository scanning in 31 ms. Found 2 JPA repository interfaces.
2025-02-19T21:17:35.015Z  INFO 7 --- [etams] [main] o.s.b.w.embedded.tomcat.TomcatWebServer  : Tomcat initialized with port 8080 (http)
2025-02-19T21:17:35.024Z  INFO 7 --- [etams] [main] o.apache.catalina.core.StandardService   : Starting service [Tomcat]
2025-02-19T21:17:35.024Z  INFO 7 --- [etams] [main] o.apache.catalina.core.StandardEngine    : Starting Servlet engine: [Apache Tomcat/10.1.34]
2025-02-19T21:17:35.043Z  INFO 7 --- [etams] [main] o.a.c.c.C.[Tomcat].[localhost].[/]       : Initializing Spring embedded WebApplicationContext
2025-02-19T21:17:35.044Z  INFO 7 --- [etams] [main] w.s.c.ServletWebServerApplicationContext : Root WebApplicationContext: initialization completed in 1369 ms
2025-02-19T21:17:35.273Z  INFO 7 --- [etams] [main] o.hibernate.jpa.internal.util.LogHelper  : HHH000204: Processing PersistenceUnitInfo [name: default]
2025-02-19T21:17:35.317Z  INFO 7 --- [etams] [main] org.hibernate.Version                    : HHH000412: Hibernate ORM core version 6.6.4.Final
2025-02-19T21:17:35.343Z  INFO 7 --- [etams] [main] o.h.c.internal.RegionFactoryInitiator    : HHH000026: Second-level cache disabled
2025-02-19T21:17:35.509Z  INFO 7 --- [etams] [main] o.s.o.j.p.SpringPersistenceUnitInfo      : No LoadTimeWeaver setup: ignoring JPA class transformer
2025-02-19T21:17:35.533Z  INFO 7 --- [etams] [main] com.zaxxer.hikari.HikariDataSource       : HikariPool-1 - Starting...
2025-02-19T21:17:35.645Z  INFO 7 --- [etams] [main] com.zaxxer.hikari.pool.HikariPool        : HikariPool-1 - Added connection com.mysql.cj.jdbc.ConnectionImpl@4bcc931c
2025-02-19T21:17:35.646Z  INFO 7 --- [etams] [main] com.zaxxer.hikari.HikariDataSource       : HikariPool-1 - Start completed.
2025-02-19T21:17:35.704Z  WARN 7 --- [etams] [main] o.h.e.j.e.i.JdbcEnvironmentInitiator     : HHH000339: Could not obtain connection metadata: java.sql.SQLSyntaxErrorException: Unknown column 'RESERVED' in 'WHERE'
2025-02-19T21:17:35.713Z  WARN 7 --- [etams] [main] org.hibernate.orm.deprecation            : HHH90000025: MySQL8Dialect does not need to be specified explicitly using 'hibernate.dialect' (remove the property setting and it will be selected by default)
2025-02-19T21:17:35.714Z  WARN 7 --- [etams] [main] org.hibernate.orm.deprecation            : HHH90000026: MySQL8Dialect has been deprecated; use org.hibernate.dialect.MySQLDialect instead
2025-02-19T21:17:35.721Z  INFO 7 --- [etams] [main] org.hibernate.orm.connections.pooling    : HHH10001005: Database info:
	Database JDBC URL [Connecting through datasource 'HikariDataSource (HikariPool-1)']
	Database driver: undefined/unknown
	Database version: 8.0
	Autocommit mode: undefined/unknown
	Isolation level: undefined/unknown
	Minimum pool size: undefined/unknown
	Maximum pool size: undefined/unknown
2025-02-19T21:17:36.306Z  INFO 7 --- [etams] [main] o.h.e.t.j.p.i.JtaPlatformInitiator       : HHH000489: No JTA platform available (set 'hibernate.transaction.jta.platform' to enable JTA platform integration)
2025-02-19T21:17:36.370Z  INFO 7 --- [etams] [main] j.LocalContainerEntityManagerFactoryBean : Initialized JPA EntityManagerFactory for persistence unit 'default'
2025-02-19T21:17:36.633Z  INFO 7 --- [etams] [main] r$InitializeUserDetailsManagerConfigurer : Global AuthenticationManager configured with UserDetailsService bean with name customUserDetailsService
2025-02-19T21:17:36.749Z  WARN 7 --- [etams] [main] JpaBaseConfiguration$JpaWebConfiguration : spring.jpa.open-in-view is enabled by default. Therefore, database queries may be performed during view rendering. Explicitly configure spring.jpa.open-in-view to disable this warning
2025-02-19T21:17:37.085Z  INFO 7 --- [etams] [main] o.s.b.a.e.web.EndpointLinksResolver      : Exposing 1 endpoint beneath base path '/actuator'
2025-02-19T21:17:37.483Z  INFO 7 --- [etams] [main] o.s.b.w.embedded.tomcat.TomcatWebServer  : Tomcat started on port 8080 (http) with context path '/'
2025-02-19T21:17:37.497Z  INFO 7 --- [etams] [main] com.brubaker.etams.EtamsApplication      : Started EtamsApplication in 4.155 seconds (process running for 4.581)
2025-02-19T21:17:53.524Z  INFO 7 --- [etams] [http-nio-8080-exec-1] o.a.c.c.C.[Tomcat].[localhost].[/]       : Initializing Spring DispatcherServlet 'dispatcherServlet'
2025-02-19T21:17:53.526Z  INFO 7 --- [etams] [http-nio-8080-exec-1] o.s.web.servlet.DispatcherServlet        : Initializing Servlet 'dispatcherServlet'
2025-02-19T21:17:53.529Z  INFO 7 --- [etams] [http-nio-8080-exec-1] o.s.web.servlet.DispatcherServlet        : Completed initialization in 2 ms
2025-02-19T21:21:10.270Z  INFO 7 --- [etams] [main] com.brubaker.etams.EtamsApplication      : Starting EtamsApplication v0.0.1-SNAPSHOT using Java 21.0.6 with PID 7 (/app/app.jar started by root in /app)
2025-02-19T21:21:10.272Z  INFO 7 --- [etams] [main] com.brubaker.etams.EtamsApplication      : No active profile set, falling back to 1 default profile: "default"
2025-02-19T21:21:11.107Z  INFO 7 --- [etams] [main] .s.d.r.c.RepositoryConfigurationDelegate : Bootstrapping Spring Data JPA repositories in DEFAULT mode.
2025-02-19T21:21:11.142Z  INFO 7 --- [etams] [main] .s.d.r.c.RepositoryConfigurationDelegate : Finished Spring Data repository scanning in 29 ms. Found 2 JPA repository interfaces.
2025-02-19T21:21:11.693Z  INFO 7 --- [etams] [main] o.s.b.w.embedded.tomcat.TomcatWebServer  : Tomcat initialized with port 8080 (http)
2025-02-19T21:21:11.704Z  INFO 7 --- [etams] [main] o.apache.catalina.core.StandardService   : Starting service [Tomcat]
2025-02-19T21:21:11.704Z  INFO 7 --- [etams] [main] o.apache.catalina.core.StandardEngine    : Starting Servlet engine: [Apache Tomcat/10.1.34]
2025-02-19T21:21:11.725Z  INFO 7 --- [etams] [main] o.a.c.c.C.[Tomcat].[localhost].[/]       : Initializing Spring embedded WebApplicationContext
2025-02-19T21:21:11.725Z  INFO 7 --- [etams] [main] w.s.c.ServletWebServerApplicationContext : Root WebApplicationContext: initialization completed in 1422 ms
2025-02-19T21:21:11.932Z  INFO 7 --- [etams] [main] o.hibernate.jpa.internal.util.LogHelper  : HHH000204: Processing PersistenceUnitInfo [name: default]
2025-02-19T21:21:11.976Z  INFO 7 --- [etams] [main] org.hibernate.Version                    : HHH000412: Hibernate ORM core version 6.6.4.Final
2025-02-19T21:21:11.998Z  INFO 7 --- [etams] [main] o.h.c.internal.RegionFactoryInitiator    : HHH000026: Second-level cache disabled
2025-02-19T21:21:12.177Z  INFO 7 --- [etams] [main] o.s.o.j.p.SpringPersistenceUnitInfo      : No LoadTimeWeaver setup: ignoring JPA class transformer
2025-02-19T21:21:12.198Z  INFO 7 --- [etams] [main] com.zaxxer.hikari.HikariDataSource       : HikariPool-1 - Starting...
2025-02-19T21:21:12.313Z  INFO 7 --- [etams] [main] com.zaxxer.hikari.pool.HikariPool        : HikariPool-1 - Added connection com.mysql.cj.jdbc.ConnectionImpl@5c78172f
2025-02-19T21:21:12.314Z  INFO 7 --- [etams] [main] com.zaxxer.hikari.HikariDataSource       : HikariPool-1 - Start completed.
2025-02-19T21:21:12.371Z  WARN 7 --- [etams] [main] o.h.e.j.e.i.JdbcEnvironmentInitiator     : HHH000339: Could not obtain connection metadata: java.sql.SQLSyntaxErrorException: Unknown column 'RESERVED' in 'WHERE'
2025-02-19T21:21:12.380Z  WARN 7 --- [etams] [main] org.hibernate.orm.deprecation            : HHH90000025: MySQL8Dialect does not need to be specified explicitly using 'hibernate.dialect' (remove the property setting and it will be selected by default)
2025-02-19T21:21:12.381Z  WARN 7 --- [etams] [main] org.hibernate.orm.deprecation            : HHH90000026: MySQL8Dialect has been deprecated; use org.hibernate.dialect.MySQLDialect instead
2025-02-19T21:21:12.388Z  INFO 7 --- [etams] [main] org.hibernate.orm.connections.pooling    : HHH10001005: Database info:
	Database JDBC URL [Connecting through datasource 'HikariDataSource (HikariPool-1)']
	Database driver: undefined/unknown
	Database version: 8.0
	Autocommit mode: undefined/unknown
	Isolation level: undefined/unknown
	Minimum pool size: undefined/unknown
	Maximum pool size: undefined/unknown
2025-02-19T21:21:12.947Z  INFO 7 --- [etams] [main] o.h.e.t.j.p.i.JtaPlatformInitiator       : HHH000489: No JTA platform available (set 'hibernate.transaction.jta.platform' to enable JTA platform integration)
2025-02-19T21:21:13.029Z  INFO 7 --- [etams] [main] j.LocalContainerEntityManagerFactoryBean : Initialized JPA EntityManagerFactory for persistence unit 'default'
2025-02-19T21:21:13.315Z  INFO 7 --- [etams] [main] r$InitializeUserDetailsManagerConfigurer : Global AuthenticationManager configured with UserDetailsService bean with name customUserDetailsService
2025-02-19T21:21:13.429Z  WARN 7 --- [etams] [main] JpaBaseConfiguration$JpaWebConfiguration : spring.jpa.open-in-view is enabled by default. Therefore, database queries may be performed during view rendering. Explicitly configure spring.jpa.open-in-view to disable this warning
2025-02-19T21:21:13.732Z  INFO 7 --- [etams] [main] o.s.b.a.e.web.EndpointLinksResolver      : Exposing 1 endpoint beneath base path '/actuator'
2025-02-19T21:21:14.157Z  INFO 7 --- [etams] [main] o.s.b.w.embedded.tomcat.TomcatWebServer  : Tomcat started on port 8080 (http) with context path '/'
2025-02-19T21:21:14.171Z  INFO 7 --- [etams] [main] com.brubaker.etams.EtamsApplication      : Started EtamsApplication in 4.191 seconds (process running for 4.556)
2025-02-19T21:21:41.183Z  INFO 7 --- [etams] [http-nio-8080-exec-1] o.a.c.c.C.[Tomcat].[localhost].[/]       : Initializing Spring DispatcherServlet 'dispatcherServlet'
2025-02-19T21:21:41.187Z  INFO 7 --- [etams] [http-nio-8080-exec-1] o.s.web.servlet.DispatcherServlet        : Initializing Servlet 'dispatcherServlet'
2025-02-19T21:21:41.201Z  INFO 7 --- [etams] [http-nio-8080-exec-1] o.s.web.servlet.DispatcherServlet        : Completed initialization in 5 ms
2025-02-19T21:51:05.472Z  INFO 7 --- [etams] [main] com.brubaker.etams.EtamsApplication      : Starting EtamsApplication v0.0.1-SNAPSHOT using Java 21.0.6 with PID 7 (/app/app.jar started by root in /app)
2025-02-19T21:51:05.476Z  INFO 7 --- [etams] [main] com.brubaker.etams.EtamsApplication      : No active profile set, falling back to 1 default profile: "default"
2025-02-19T21:51:06.417Z  INFO 7 --- [etams] [main] .s.d.r.c.RepositoryConfigurationDelegate : Bootstrapping Spring Data JPA repositories in DEFAULT mode.
2025-02-19T21:51:06.461Z  INFO 7 --- [etams] [main] .s.d.r.c.RepositoryConfigurationDelegate : Finished Spring Data repository scanning in 37 ms. Found 2 JPA repository interfaces.
2025-02-19T21:51:07.187Z  INFO 7 --- [etams] [main] o.s.b.w.embedded.tomcat.TomcatWebServer  : Tomcat initialized with port 8080 (http)
2025-02-19T21:51:07.197Z  INFO 7 --- [etams] [main] o.apache.catalina.core.StandardService   : Starting service [Tomcat]
2025-02-19T21:51:07.197Z  INFO 7 --- [etams] [main] o.apache.catalina.core.StandardEngine    : Starting Servlet engine: [Apache Tomcat/10.1.34]
2025-02-19T21:51:07.225Z  INFO 7 --- [etams] [main] o.a.c.c.C.[Tomcat].[localhost].[/]       : Initializing Spring embedded WebApplicationContext
2025-02-19T21:51:07.226Z  INFO 7 --- [etams] [main] w.s.c.ServletWebServerApplicationContext : Root WebApplicationContext: initialization completed in 1708 ms
2025-02-19T21:51:07.558Z  INFO 7 --- [etams] [main] o.hibernate.jpa.internal.util.LogHelper  : HHH000204: Processing PersistenceUnitInfo [name: default]
2025-02-19T21:51:07.598Z  INFO 7 --- [etams] [main] org.hibernate.Version                    : HHH000412: Hibernate ORM core version 6.6.4.Final
2025-02-19T21:51:07.623Z  INFO 7 --- [etams] [main] o.h.c.internal.RegionFactoryInitiator    : HHH000026: Second-level cache disabled
2025-02-19T21:51:07.789Z  INFO 7 --- [etams] [main] o.s.o.j.p.SpringPersistenceUnitInfo      : No LoadTimeWeaver setup: ignoring JPA class transformer
2025-02-19T21:51:07.809Z  INFO 7 --- [etams] [main] com.zaxxer.hikari.HikariDataSource       : HikariPool-1 - Starting...
2025-02-19T21:51:07.934Z  INFO 7 --- [etams] [main] com.zaxxer.hikari.pool.HikariPool        : HikariPool-1 - Added connection com.mysql.cj.jdbc.ConnectionImpl@5c69bb99
2025-02-19T21:51:07.936Z  INFO 7 --- [etams] [main] com.zaxxer.hikari.HikariDataSource       : HikariPool-1 - Start completed.
2025-02-19T21:51:07.991Z  WARN 7 --- [etams] [main] o.h.e.j.e.i.JdbcEnvironmentInitiator     : HHH000339: Could not obtain connection metadata: java.sql.SQLSyntaxErrorException: Unknown column 'RESERVED' in 'WHERE'
2025-02-19T21:51:08.007Z  WARN 7 --- [etams] [main] org.hibernate.orm.deprecation            : HHH90000025: MySQL8Dialect does not need to be specified explicitly using 'hibernate.dialect' (remove the property setting and it will be selected by default)
2025-02-19T21:51:08.009Z  WARN 7 --- [etams] [main] org.hibernate.orm.deprecation            : HHH90000026: MySQL8Dialect has been deprecated; use org.hibernate.dialect.MySQLDialect instead
2025-02-19T21:51:08.027Z  INFO 7 --- [etams] [main] org.hibernate.orm.connections.pooling    : HHH10001005: Database info:
	Database JDBC URL [Connecting through datasource 'HikariDataSource (HikariPool-1)']
	Database driver: undefined/unknown
	Database version: 8.0
	Autocommit mode: undefined/unknown
	Isolation level: undefined/unknown
	Minimum pool size: undefined/unknown
	Maximum pool size: undefined/unknown
2025-02-19T21:51:08.579Z  INFO 7 --- [etams] [main] o.h.e.t.j.p.i.JtaPlatformInitiator       : HHH000489: No JTA platform available (set 'hibernate.transaction.jta.platform' to enable JTA platform integration)
2025-02-19T21:51:08.637Z  INFO 7 --- [etams] [main] j.LocalContainerEntityManagerFactoryBean : Initialized JPA EntityManagerFactory for persistence unit 'default'
2025-02-19T21:51:08.910Z  INFO 7 --- [etams] [main] r$InitializeUserDetailsManagerConfigurer : Global AuthenticationManager configured with UserDetailsService bean with name customUserDetailsService
2025-02-19T21:51:09.048Z  WARN 7 --- [etams] [main] JpaBaseConfiguration$JpaWebConfiguration : spring.jpa.open-in-view is enabled by default. Therefore, database queries may be performed during view rendering. Explicitly configure spring.jpa.open-in-view to disable this warning
2025-02-19T21:51:09.357Z  INFO 7 --- [etams] [main] o.s.b.a.e.web.EndpointLinksResolver      : Exposing 1 endpoint beneath base path '/actuator'
2025-02-19T21:51:09.866Z  INFO 7 --- [etams] [main] o.s.b.w.embedded.tomcat.TomcatWebServer  : Tomcat started on port 8080 (http) with context path '/'
2025-02-19T21:51:09.877Z  INFO 7 --- [etams] [main] com.brubaker.etams.EtamsApplication      : Started EtamsApplication in 4.756 seconds (process running for 5.155)
2025-02-19T21:51:18.052Z  INFO 7 --- [etams] [http-nio-8080-exec-1] o.a.c.c.C.[Tomcat].[localhost].[/]       : Initializing Spring DispatcherServlet 'dispatcherServlet'
2025-02-19T21:51:18.053Z  INFO 7 --- [etams] [http-nio-8080-exec-1] o.s.web.servlet.DispatcherServlet        : Initializing Servlet 'dispatcherServlet'
2025-02-19T21:51:18.054Z  INFO 7 --- [etams] [http-nio-8080-exec-1] o.s.web.servlet.DispatcherServlet        : Completed initialization in 1 ms
2025-02-19T21:51:28.826Z  INFO 7 --- [etams] [http-nio-8080-exec-2] o.springdoc.api.AbstractOpenApiResource  : Init duration for springdoc-openapi is: 367 ms
